<?xml version="1.0" encoding="UTF-8"?>
<testng-results ignored="0" total="1" passed="1" failed="0" skipped="0">
  <reporter-output>
  </reporter-output>
  <suite started-at="2022-11-05T18:34:08 IST" name="Default suite" finished-at="2022-11-05T18:34:41 IST" duration-ms="32915">
    <groups>
    </groups>
    <test started-at="2022-11-05T18:34:08 IST" name="Default test" finished-at="2022-11-05T18:34:41 IST" duration-ms="32915">
      <class name="com.Zerodha.TestPackage.TC09_AMOVerify">
        <test-method is-config="true" signature="setUp()[pri:0, instance:com.Zerodha.TestPackage.TC09_AMOVerify@3738449f]" started-at="2022-11-05T18:34:08 IST" name="setUp" finished-at="2022-11-05T18:34:25 IST" duration-ms="16876" status="PASS">
          <reporter-output>
          </reporter-output>
        </test-method> <!-- setUp -->
        <test-method signature="VerifyAMO()[pri:0, instance:com.Zerodha.TestPackage.TC09_AMOVerify@3738449f]" started-at="2022-11-05T18:34:25 IST" name="VerifyAMO" finished-at="2022-11-05T18:34:40 IST" duration-ms="15610" status="PASS">
          <reporter-output>
          </reporter-output>
        </test-method> <!-- VerifyAMO -->
        <test-method is-config="true" signature="tearDown()[pri:0, instance:com.Zerodha.TestPackage.TC09_AMOVerify@3738449f]" started-at="2022-11-05T18:34:40 IST" name="tearDown" finished-at="2022-11-05T18:34:41 IST" duration-ms="379" status="PASS">
          <reporter-output>
          </reporter-output>
        </test-method> <!-- tearDown -->
      </class> <!-- com.Zerodha.TestPackage.TC09_AMOVerify -->
    </test> <!-- Default test -->
  </suite> <!-- Default suite -->
</testng-results>
